<?xml version="1.0" encoding="UTF-8"?>
<!-- Generated by org.testng.reporters.JUnitXMLReporter -->
<testsuite ignored="0" hostname="DESKTOP-O0EVOC1" failures="0" tests="3" name="Test" time="42.334" errors="0" timestamp="2022-02-24T18:09:00 IST">
  <testcase classname="TestCases.VerifyLogin_Page" name="launchBrowser" time="6.144"/>
  <testcase classname="TestCases.VerifyLogin_Page" name="launchBrowser" time="5.479"/>
  <testcase classname="TestCases.Verify_SignUpPahe" name="LaunchBrowser2" time="30.629"/>
</testsuite> <!-- Test -->
